G:\WORKSPACE\SPEECH_RECOGNIZATION\SPEECH RECOGNITION\SPEECH RECOGNITION\DEBUG\DATACAPTURE.OBJ
G:\WORKSPACE\SPEECH_RECOGNIZATION\SPEECH RECOGNITION\SPEECH RECOGNITION\DEBUG\FEATURECOMPUTATION.OBJ
G:\WORKSPACE\SPEECH_RECOGNIZATION\SPEECH RECOGNITION\SPEECH RECOGNITION\DEBUG\FFT.OBJ
G:\WORKSPACE\SPEECH_RECOGNIZATION\SPEECH RECOGNITION\SPEECH RECOGNITION\DEBUG\MAIN.OBJ
G:\WORKSPACE\SPEECH_RECOGNIZATION\SPEECH RECOGNITION\SPEECH RECOGNITION\DEBUG\READWAVE.OBJ
G:\WORKSPACE\SPEECH_RECOGNIZATION\SPEECH RECOGNITION\SPEECH RECOGNITION\DEBUG\VC110.PDB
G:\workspace\speech_recognization\Speech Recognition\Speech Recognition\Debug\datacapture.obj
G:\workspace\speech_recognization\Speech Recognition\Speech Recognition\Debug\featurecomputation.obj
G:\workspace\speech_recognization\Speech Recognition\Speech Recognition\Debug\fft.obj
G:\workspace\speech_recognization\Speech Recognition\Speech Recognition\Debug\main.obj
G:\workspace\speech_recognization\Speech Recognition\Speech Recognition\Debug\readwave.obj
G:\workspace\speech_recognization\Speech Recognition\Speech Recognition\Debug\cl.command.1.tlog
G:\workspace\speech_recognization\Speech Recognition\Speech Recognition\Debug\CL.read.1.tlog
G:\workspace\speech_recognization\Speech Recognition\Speech Recognition\Debug\CL.write.1.tlog
G:\workspace\speech_recognization\Speech Recognition\Speech Recognition\Debug\link.command.1.tlog
G:\workspace\speech_recognization\Speech Recognition\Speech Recognition\Debug\link.read.1.tlog
G:\workspace\speech_recognization\Speech Recognition\Speech Recognition\Debug\link.write.1.tlog
G:\workspace\speech_recognization\Speech Recognition\Speech Recognition\Debug\vc110.idb
G:\workspace\speech_recognization\Speech Recognition\Speech Recognition\Debug\vc110.pdb
G:\workspace\speech_recognization\Speech Recognition\Debug\Speech Recognition.exe
